UniPlugin-Hello-AS/app/build/intermediates/manifest_merge_blame_file/release/manifest-merger-blame-release-report.txt
1<?xml version="1.0" encoding="utf-8"?>
2<manifest xmlns:android="http://schemas.android.com/apk/res/android"
3    package="com.HBuilder.UniPlugin"
4    android:versionCode="1"
5    android:versionName="1.0" >
6
7    <uses-sdk
8        android:minSdkVersion="19"
8-->src\main\AndroidManifest.xml
9        android:targetSdkVersion="26" />
9-->src\main\AndroidManifest.xml
10
11    <supports-screens
11-->src\main\AndroidManifest.xml:5:5-10:39
12        android:anyDensity="true"
12-->src\main\AndroidManifest.xml:6:9-34
13        android:largeScreens="true"
13-->src\main\AndroidManifest.xml:7:9-36
14        android:normalScreens="true"
14-->src\main\AndroidManifest.xml:8:9-37
15        android:resizeable="true"
15-->src\main\AndroidManifest.xml:9:9-34
16        android:smallScreens="true" />
16-->src\main\AndroidManifest.xml:10:9-36
17
18    <!-- Barcode(二维码)  begin -->
19    <uses-permission android:name="android.permission.CAMERA" />
19-->src\main\AndroidManifest.xml:13:5-65
19-->src\main\AndroidManifest.xml:13:22-62
20    <uses-permission android:name="android.permission.WRITE_EXTERNAL_STORAGE" />
20-->src\main\AndroidManifest.xml:14:5-81
20-->src\main\AndroidManifest.xml:14:22-78
21
22    <uses-feature android:name="android.hardware.camera" />
22-->src\main\AndroidManifest.xml:16:5-60
22-->src\main\AndroidManifest.xml:16:19-57
23    <uses-feature android:name="android.hardware.camera.autofocus" />
23-->src\main\AndroidManifest.xml:17:5-70
23-->src\main\AndroidManifest.xml:17:19-67
24
25    <uses-permission android:name="android.permission.VIBRATE" />
25-->src\main\AndroidManifest.xml:19:5-66
25-->src\main\AndroidManifest.xml:19:22-63
26    <uses-permission android:name="android.permission.FLASHLIGHT" />
26-->src\main\AndroidManifest.xml:20:5-69
26-->src\main\AndroidManifest.xml:20:22-66
27    <uses-permission android:name="android.permission.INTERNET" />
27-->[lib.5plus.base-release.aar] AndroidManifest.xml:17:5-67
27-->[lib.5plus.base-release.aar] AndroidManifest.xml:17:22-64
28    <uses-permission android:name="android.permission.ACCESS_NETWORK_STATE" />
28-->[lib.5plus.base-release.aar] AndroidManifest.xml:18:5-79
28-->[lib.5plus.base-release.aar] AndroidManifest.xml:18:22-76
29    <!--
30    <uses-permission
31        android:name="com.android.launcher.permission.UNINSTALL_SHORTCUT" />
32    -->
33    <!-- 华为修改角标需要设置权限 -->
34    <uses-permission android:name="com.huawei.android.launcher.permission.CHANGE_BADGE" />
34-->[lib.5plus.base-release.aar] AndroidManifest.xml:24:5-91
34-->[lib.5plus.base-release.aar] AndroidManifest.xml:24:22-88
35    <uses-permission android:name="android.permission.READ_EXTERNAL_STORAGE" />
36    <uses-permission android:name="android.permission.READ_PHONE_STATE" />
36-->[msa_mdid_1.0.13.aar] AndroidManifest.xml:5:5-75
36-->[msa_mdid_1.0.13.aar] AndroidManifest.xml:5:22-72
37    <uses-permission android:name="com.asus.msa.SupplementaryDID.ACCESS" /> <!-- Barcode(二维码)  end -->
37-->[msa_mdid_1.0.13.aar] AndroidManifest.xml:8:5-76
37-->[msa_mdid_1.0.13.aar] AndroidManifest.xml:8:22-73
38    <application
38-->src\main\AndroidManifest.xml:23:5-93:19
39        android:name="io.dcloud.application.DCloudApplication"
39-->src\main\AndroidManifest.xml:24:9-63
40        android:allowBackup="true"
40-->src\main\AndroidManifest.xml:25:9-35
41        android:allowClearUserData="true"
41-->src\main\AndroidManifest.xml:26:9-42
42        android:appComponentFactory="android.support.v4.app.CoreComponentFactory"
42-->[com.android.support:support-compat:28.0.0] AndroidManifest.xml:22:18-91
43        android:icon="@drawable/icon"
43-->src\main\AndroidManifest.xml:27:9-38
44        android:label="@string/app_name"
44-->src\main\AndroidManifest.xml:28:9-41
45        android:largeHeap="true"
45-->src\main\AndroidManifest.xml:29:9-33
46        android:supportsRtl="true"
46-->src\main\AndroidManifest.xml:30:9-35
47        android:usesCleartextTraffic="true" >
47-->[lib.5plus.base-release.aar] AndroidManifest.xml:159:9-44
48
49        <!-- 应用入口 -->
50        <activity
50-->src\main\AndroidManifest.xml:33:9-55:20
51            android:name="io.dcloud.PandoraEntry"
51-->src\main\AndroidManifest.xml:34:13-50
52            android:configChanges="orientation|keyboardHidden|screenSize|mcc|mnc|fontScale"
52-->src\main\AndroidManifest.xml:36:13-92
53            android:hardwareAccelerated="true"
53-->src\main\AndroidManifest.xml:37:13-47
54            android:theme="@style/TranslucentTheme"
54-->src\main\AndroidManifest.xml:35:13-52
55            android:windowSoftInputMode="adjustResize" >
55-->src\main\AndroidManifest.xml:38:13-55
56            <intent-filter>
56-->src\main\AndroidManifest.xml:39:13-45:29
57                <data android:scheme="hbuilder" />
57-->src\main\AndroidManifest.xml:40:17-50
57-->src\main\AndroidManifest.xml:40:23-48
58
59                <action android:name="android.intent.action.VIEW" />
59-->src\main\AndroidManifest.xml:41:17-68
59-->src\main\AndroidManifest.xml:41:25-66
60
61                <category android:name="android.intent.category.DEFAULT" />
61-->src\main\AndroidManifest.xml:43:17-75
61-->src\main\AndroidManifest.xml:43:27-73
62                <category android:name="android.intent.category.BROWSABLE" />
62-->src\main\AndroidManifest.xml:44:17-77
62-->src\main\AndroidManifest.xml:44:27-75
63            </intent-filter>
64            <intent-filter>
64-->src\main\AndroidManifest.xml:46:13-50:29
65                <data android:mimeType="image/*" />
65-->src\main\AndroidManifest.xml:40:17-50
65-->src\main\AndroidManifest.xml:47:23-49
66
67                <action android:name="android.intent.action.SEND" />
67-->src\main\AndroidManifest.xml:48:17-68
67-->src\main\AndroidManifest.xml:48:25-66
68
69                <category android:name="android.intent.category.DEFAULT" />
69-->src\main\AndroidManifest.xml:43:17-75
69-->src\main\AndroidManifest.xml:43:27-73
70            </intent-filter>
71            <intent-filter>
71-->src\main\AndroidManifest.xml:51:13-54:29
72                <action android:name="android.intent.action.MAIN" />
72-->src\main\AndroidManifest.xml:52:17-68
72-->src\main\AndroidManifest.xml:52:25-66
73
74                <category android:name="android.intent.category.LAUNCHER" />
74-->src\main\AndroidManifest.xml:53:17-76
74-->src\main\AndroidManifest.xml:53:27-74
75            </intent-filter>
76        </activity>
77
78        <meta-data
78-->src\main\AndroidManifest.xml:56:9-57:35
79            android:name="dcloud_uninview_background"
79-->src\main\AndroidManifest.xml:56:20-61
80            android:value="true" />
80-->src\main\AndroidManifest.xml:57:13-33
81
82        <activity
82-->src\main\AndroidManifest.xml:59:9-83:20
83            android:name="io.dcloud.PandoraEntryActivity"
83-->src\main\AndroidManifest.xml:60:13-58
84            android:configChanges="orientation|keyboardHidden|screenSize|mcc|mnc|fontScale|keyboard"
84-->src\main\AndroidManifest.xml:62:13-101
85            android:hardwareAccelerated="true"
85-->src\main\AndroidManifest.xml:63:13-47
86            android:launchMode="singleTask"
86-->src\main\AndroidManifest.xml:61:13-44
87            android:permission="com.miui.securitycenter.permission.AppPermissionsEditor"
87-->src\main\AndroidManifest.xml:64:13-89
88            android:screenOrientation="user"
88-->src\main\AndroidManifest.xml:65:13-45
89            android:theme="@style/DCloudTheme"
89-->src\main\AndroidManifest.xml:66:13-47
90            android:windowSoftInputMode="adjustResize" >
90-->src\main\AndroidManifest.xml:67:13-55
91            <intent-filter>
91-->src\main\AndroidManifest.xml:69:13-82:29
92                <category android:name="android.intent.category.DEFAULT" />
92-->src\main\AndroidManifest.xml:43:17-75
92-->src\main\AndroidManifest.xml:43:27-73
93                <category android:name="android.intent.category.BROWSABLE" />
93-->src\main\AndroidManifest.xml:44:17-77
93-->src\main\AndroidManifest.xml:44:27-75
94
95                <action android:name="android.intent.action.VIEW" />
95-->src\main\AndroidManifest.xml:41:17-68
95-->src\main\AndroidManifest.xml:41:25-66
96
97                <data android:scheme="h56131bcf" />
97-->src\main\AndroidManifest.xml:40:17-50
97-->src\main\AndroidManifest.xml:40:23-48
98            </intent-filter>
99        </activity>
100
101        <provider
101-->src\main\AndroidManifest.xml:84:9-92:20
102            android:name="io.dcloud.common.util.DCloud_FileProvider"
102-->src\main\AndroidManifest.xml:85:13-69
103            android:authorities="com.HBuilder.UniPlugin.dc.fileprovider"
103-->src\main\AndroidManifest.xml:86:13-73
104            android:exported="false"
104-->src\main\AndroidManifest.xml:87:13-37
105            android:grantUriPermissions="true" >
105-->src\main\AndroidManifest.xml:88:13-47
106            <meta-data
106-->src\main\AndroidManifest.xml:89:13-91:64
107                android:name="android.support.FILE_PROVIDER_PATHS"
107-->src\main\AndroidManifest.xml:90:17-67
108                android:resource="@xml/dcloud_file_provider" />
108-->src\main\AndroidManifest.xml:91:17-61
109        </provider>
110
111        <service
111-->[lib.5plus.base-release.aar] AndroidManifest.xml:160:9-162:40
112            android:name="io.dcloud.common.adapter.io.MiniServerService"
112-->[lib.5plus.base-release.aar] AndroidManifest.xml:161:13-73
113            android:exported="false" />
113-->[lib.5plus.base-release.aar] AndroidManifest.xml:162:13-37
114
115        <receiver
115-->[lib.5plus.base-release.aar] AndroidManifest.xml:164:9-170:20
116            android:name="io.dcloud.common.adapter.io.PushReceiver"
116-->[lib.5plus.base-release.aar] AndroidManifest.xml:165:13-68
117            android:exported="false" >
117-->[lib.5plus.base-release.aar] AndroidManifest.xml:166:13-37
118            <intent-filter>
118-->[lib.5plus.base-release.aar] AndroidManifest.xml:167:13-169:29
119                <action android:name="dcloud.push.broswer" />
119-->[lib.5plus.base-release.aar] AndroidManifest.xml:168:17-62
119-->[lib.5plus.base-release.aar] AndroidManifest.xml:168:25-59
120            </intent-filter>
121        </receiver>
122
123        <activity
123-->[lib.5plus.base-release.aar] AndroidManifest.xml:172:9-175:40
124            android:name="io.dcloud.imagepick.CustomGalleryActivity"
124-->[lib.5plus.base-release.aar] AndroidManifest.xml:173:13-69
125            android:exported="false"
125-->[lib.5plus.base-release.aar] AndroidManifest.xml:174:13-37
126            android:noHistory="true" />
126-->[lib.5plus.base-release.aar] AndroidManifest.xml:175:13-37
127        <activity
127-->[lib.5plus.base-release.aar] AndroidManifest.xml:176:9-180:58
128            android:name="io.dcloud.feature.nativeObj.photoview.PhotoActivity"
128-->[lib.5plus.base-release.aar] AndroidManifest.xml:177:13-79
129            android:exported="false"
129-->[lib.5plus.base-release.aar] AndroidManifest.xml:178:13-37
130            android:noHistory="false"
130-->[lib.5plus.base-release.aar] AndroidManifest.xml:179:13-38
131            android:theme="@style/DeviceDefault.Light" />
131-->[lib.5plus.base-release.aar] AndroidManifest.xml:180:13-55
132        <activity
132-->[lib.5plus.base-release.aar] AndroidManifest.xml:181:9-191:58
133            android:name="io.dcloud.WebAppActivity"
133-->[lib.5plus.base-release.aar] AndroidManifest.xml:182:13-52
134            android:configChanges="orientation|keyboardHidden|screenSize|mcc|mnc|fontScale"
134-->[lib.5plus.base-release.aar] AndroidManifest.xml:183:13-92
135            android:hardwareAccelerated="true"
135-->[lib.5plus.base-release.aar] AndroidManifest.xml:184:13-47
136            android:icon="@drawable/dcloud_recent"
136-->[lib.5plus.base-release.aar] AndroidManifest.xml:185:13-51
137            android:label="@string/stream_my"
137-->[lib.5plus.base-release.aar] AndroidManifest.xml:186:13-46
138            android:launchMode="singleTask"
138-->[lib.5plus.base-release.aar] AndroidManifest.xml:187:13-44
139            android:screenOrientation="portrait"
139-->[lib.5plus.base-release.aar] AndroidManifest.xml:188:13-49
140            android:taskAffinity=":stream"
140-->[lib.5plus.base-release.aar] AndroidManifest.xml:189:13-43
141            android:theme="@style/DCloudTheme"
141-->[lib.5plus.base-release.aar] AndroidManifest.xml:190:13-47
142            android:windowSoftInputMode="adjustResize" />
142-->[lib.5plus.base-release.aar] AndroidManifest.xml:191:13-55
143        <activity
143-->[lib.5plus.base-release.aar] AndroidManifest.xml:192:9-198:75
144            android:name="io.dcloud.ProcessMediator"
144-->[lib.5plus.base-release.aar] AndroidManifest.xml:193:13-53
145            android:excludeFromRecents="true"
145-->[lib.5plus.base-release.aar] AndroidManifest.xml:194:13-46
146            android:exported="false"
146-->[lib.5plus.base-release.aar] AndroidManifest.xml:195:13-37
147            android:label="@string/app_name"
147-->[lib.5plus.base-release.aar] AndroidManifest.xml:196:13-45
148            android:launchMode="singleTop"
148-->[lib.5plus.base-release.aar] AndroidManifest.xml:197:13-43
149            android:theme="@android:style/Theme.Translucent.NoTitleBar" />
149-->[lib.5plus.base-release.aar] AndroidManifest.xml:198:13-72
150        <activity
150-->[lib.5plus.base-release.aar] AndroidManifest.xml:199:9-205:20
151            android:name="io.dcloud.WebviewActivity"
151-->[lib.5plus.base-release.aar] AndroidManifest.xml:200:13-53
152            android:exported="false"
152-->[lib.5plus.base-release.aar] AndroidManifest.xml:201:13-37
153            android:screenOrientation="portrait"
153-->[lib.5plus.base-release.aar] AndroidManifest.xml:202:13-49
154            android:theme="@style/ThemeNoTitleBar"
154-->[lib.5plus.base-release.aar] AndroidManifest.xml:203:13-51
155            android:windowSoftInputMode="adjustPan" >
155-->[lib.5plus.base-release.aar] AndroidManifest.xml:204:13-52
156        </activity>
157
158        <receiver
158-->[lib.5plus.base-release.aar] AndroidManifest.xml:207:9-218:20
159            android:name="io.dcloud.common.adapter.io.DownloadReceiver"
159-->[lib.5plus.base-release.aar] AndroidManifest.xml:208:13-72
160            android:exported="false" >
160-->[lib.5plus.base-release.aar] AndroidManifest.xml:209:13-37
161            <intent-filter>
161-->[lib.5plus.base-release.aar] AndroidManifest.xml:210:13-212:29
162                <action android:name="android.intent.action.DOWNLOAD_COMPLETE" />
162-->[lib.5plus.base-release.aar] AndroidManifest.xml:211:17-82
162-->[lib.5plus.base-release.aar] AndroidManifest.xml:211:25-79
163            </intent-filter>
164            <intent-filter>
164-->[lib.5plus.base-release.aar] AndroidManifest.xml:213:13-217:29
165                <action android:name="android.intent.action.PACKAGE_ADDED" />
165-->[lib.5plus.base-release.aar] AndroidManifest.xml:214:17-78
165-->[lib.5plus.base-release.aar] AndroidManifest.xml:214:25-75
166
167                <data android:scheme="package" /> <!-- HERE! -->
167-->src\main\AndroidManifest.xml:40:17-50
167-->src\main\AndroidManifest.xml:40:23-48
168            </intent-filter>
169        </receiver>
170        <!--
171        <provider
172            android:name="io.dcloud.common.util.DCloud_FileProvider"
173            android:authorities="${apk.applicationId}.dc.fileprovider"
174            android:exported="false"
175            android:grantUriPermissions="true">
176            <meta-data
177                android:name="android.support.FILE_PROVIDER_PATHS"
178                android:resource="@xml/dcloud_file_provider" />
179        </provider>
180        -->
181        <!--
182            <meta-data
183            android:name="DCLOUD_STREAMAPP_CHANNEL"
184            android:value="io.dcloud.%APPID%|%APPID%|" />
185        -->
186        <meta-data
186-->[lib.5plus.base-release.aar] AndroidManifest.xml:236:9-238:35
187            android:name="android.max_aspect"
187-->[lib.5plus.base-release.aar] AndroidManifest.xml:237:13-46
188            android:value="2.4" />
188-->[lib.5plus.base-release.aar] AndroidManifest.xml:238:13-32
189
190        <receiver
190-->[uniapp-v8-release.aar] AndroidManifest.xml:30:9-34:20
191            android:name="com.taobao.weex.WXGlobalEventReceiver"
191-->[uniapp-v8-release.aar] AndroidManifest.xml:31:13-65
192            android:enabled="true"
192-->[uniapp-v8-release.aar] AndroidManifest.xml:32:13-35
193            android:exported="false" >
193-->[uniapp-v8-release.aar] AndroidManifest.xml:33:13-37
194        </receiver>
195
196        <activity
196-->[:uniplugin_module] AndroidManifest.xml:12:9-14:84
197            android:name="io.dcloud.uniplugin.NativePageActivity"
197-->[:uniplugin_module] AndroidManifest.xml:13:13-66
198            android:theme="@android:style/Theme.DeviceDefault.Light.NoActionBar" />
198-->[:uniplugin_module] AndroidManifest.xml:14:13-81
199    </application>
200
201</manifest>